<?xml version="1.0" encoding="UTF-8"?>
<robot generator="Robot 5.0 (Python 3.10.4 on win32)" generated="20220404 16:53:50.540" rpa="false" schemaversion="3">
<suite id="s1" name="Owner1" source="C:\Users\niphaphon\Desktop\HRM\HRM_Owner\testcase\Owner1.robot">
<test id="s1-t1" name="test0" line="7">
<kw name="Open Browser" library="Selenium2Library">
<arg>https://hr.dudee-indeed.com/th/login</arg>
<arg>browser=chrome</arg>
<doc>Opens a new browser instance to the optional ``url``.</doc>
<msg timestamp="20220404 16:53:50.782" level="INFO">Opening browser 'chrome' to base url 'https://hr.dudee-indeed.com/th/login'.</msg>
<status status="PASS" starttime="20220404 16:53:50.781" endtime="20220404 16:53:52.696"/>
</kw>
<kw name="Input Text" library="Selenium2Library">
<arg>//*[@id="__layout"]/div/div[2]/div/div/div/div[2]/div/div/input[1]</arg>
<arg>Dudeeindeed.pt</arg>
<doc>Types the given ``text`` into the text field identified by ``locator``.</doc>
<msg timestamp="20220404 16:53:52.697" level="INFO">Typing text 'Dudeeindeed.pt' into text field '//*[@id="__layout"]/div/div[2]/div/div/div/div[2]/div/div/input[1]'.</msg>
<status status="PASS" starttime="20220404 16:53:52.697" endtime="20220404 16:53:52.912"/>
</kw>
<kw name="Input Text" library="Selenium2Library">
<arg>//*[@id="__layout"]/div/div[2]/div/div/div/div[2]/div/div/input[2]</arg>
<arg>123456</arg>
<doc>Types the given ``text`` into the text field identified by ``locator``.</doc>
<msg timestamp="20220404 16:53:52.913" level="INFO">Typing text '123456' into text field '//*[@id="__layout"]/div/div[2]/div/div/div/div[2]/div/div/input[2]'.</msg>
<status status="PASS" starttime="20220404 16:53:52.913" endtime="20220404 16:53:53.001"/>
</kw>
<kw name="Click Button" library="Selenium2Library">
<arg>locator=//*[@id="__layout"]/div/div[2]/div/div/div/div[2]/div/div/button</arg>
<doc>Clicks the button identified by ``locator``.</doc>
<msg timestamp="20220404 16:53:53.002" level="INFO">Clicking button '//*[@id="__layout"]/div/div[2]/div/div/div/div[2]/div/div/button'.</msg>
<status status="PASS" starttime="20220404 16:53:53.001" endtime="20220404 16:53:53.063"/>
</kw>
<status status="PASS" starttime="20220404 16:53:50.780" endtime="20220404 16:53:53.063"/>
</test>
<status status="PASS" starttime="20220404 16:53:50.542" endtime="20220404 16:53:53.065"/>
</suite>
<statistics>
<total>
<stat pass="1" fail="0" skip="0">All Tests</stat>
</total>
<tag>
</tag>
<suite>
<stat pass="1" fail="0" skip="0" id="s1" name="Owner1">Owner1</stat>
</suite>
</statistics>
<errors>
<msg timestamp="20220404 16:53:50.776" level="WARN">Imported resource file 'C:\Users\niphaphon\Desktop\HRM\HRM_Owner\keyword\keyword.robot' is empty.</msg>
<msg timestamp="20220404 16:53:50.778" level="WARN">Imported resource file 'C:\Users\niphaphon\Desktop\HRM\HRM_Owner\Variables\Variables.robot' is empty.</msg>
</errors>
</robot>
