<?xml version="1.0" encoding="UTF-8"?>
<robot generator="Robot 4.1.3 (Python 3.10.2 on win32)" generated="20220404 17:07:40.040" rpa="false" schemaversion="2">
<suite id="s1" name="Owner1" source="C:\Users\ratch\Desktop\Automated\HRM\HRM_Owner\testcase\Owner1.robot">
<test id="s1-t1" name="test0">
<kw name="Open Browser" library="Selenium2Library">
<arg>https://hr.dudee-indeed.com/th/login</arg>
<arg>browser=chrome</arg>
<doc>Opens a new browser instance to the optional ``url``.</doc>
<msg timestamp="20220404 17:07:40.523" level="INFO">Opening browser 'chrome' to base url 'https://hr.dudee-indeed.com/th/login'.</msg>
<status status="PASS" starttime="20220404 17:07:40.522" endtime="20220404 17:07:42.751"/>
</kw>
<kw name="Input Text" library="Selenium2Library">
<arg>//*[@id="__layout"]/div/div[2]/div/div/div/div[2]/div/div/input[1]</arg>
<arg>Dudeeindeed.pt</arg>
<doc>Types the given ``text`` into the text field identified by ``locator``.</doc>
<msg timestamp="20220404 17:07:42.752" level="INFO">Typing text 'Dudeeindeed.pt' into text field '//*[@id="__layout"]/div/div[2]/div/div/div/div[2]/div/div/input[1]'.</msg>
<status status="PASS" starttime="20220404 17:07:42.752" endtime="20220404 17:07:42.895"/>
</kw>
<kw name="Input Text" library="Selenium2Library">
<arg>//*[@id="__layout"]/div/div[2]/div/div/div/div[2]/div/div/input[2]</arg>
<arg>123456</arg>
<doc>Types the given ``text`` into the text field identified by ``locator``.</doc>
<msg timestamp="20220404 17:07:42.896" level="INFO">Typing text '123456' into text field '//*[@id="__layout"]/div/div[2]/div/div/div/div[2]/div/div/input[2]'.</msg>
<status status="PASS" starttime="20220404 17:07:42.896" endtime="20220404 17:07:42.978"/>
</kw>
<kw name="Click Button" library="Selenium2Library">
<arg>locator=//*[@id="__layout"]/div/div[2]/div/div/div/div[2]/div/div/button</arg>
<doc>Clicks the button identified by ``locator``.</doc>
<msg timestamp="20220404 17:07:42.979" level="INFO">Clicking button '//*[@id="__layout"]/div/div[2]/div/div/div/div[2]/div/div/button'.</msg>
<status status="PASS" starttime="20220404 17:07:42.979" endtime="20220404 17:07:43.040"/>
</kw>
<status status="PASS" starttime="20220404 17:07:40.521" endtime="20220404 17:07:43.041"/>
</test>
<status status="PASS" starttime="20220404 17:07:40.042" endtime="20220404 17:07:43.043"/>
</suite>
<statistics>
<total>
<stat pass="1" fail="0" skip="0">All Tests</stat>
</total>
<tag>
</tag>
<suite>
<stat pass="1" fail="0" skip="0" id="s1" name="Owner1">Owner1</stat>
</suite>
</statistics>
<errors>
<msg timestamp="20220404 17:07:40.518" level="WARN">Imported resource file 'C:\Users\ratch\Desktop\Automated\HRM\HRM_Owner\keyword\keyword.robot' is empty.</msg>
<msg timestamp="20220404 17:07:40.520" level="WARN">Imported resource file 'C:\Users\ratch\Desktop\Automated\HRM\HRM_Owner\Variables\Variables.robot' is empty.</msg>
</errors>
</robot>
